<?xml version="1.0" encoding="UTF-8"?>
<testng-results ignored="0" total="2" passed="2" failed="0" skipped="0">
  <reporter-output>
  </reporter-output>
  <suite started-at="2020-06-10T11:46:53 IST" name="Suite" finished-at="2020-06-10T11:47:19 IST" duration-ms="26356">
    <groups>
      <group name="cucumber">
        <method signature="AbstractTestNGCucumberTests.runScenario(io.cucumber.testng.PickleWrapper, io.cucumber.testng.FeatureWrapper)[pri:0, instance:com.runner.run1@609db43b]" name="runScenario" class="io.cucumber.testng.AbstractTestNGCucumberTests"/>
        <method signature="AbstractTestNGCucumberTests.runScenario(io.cucumber.testng.PickleWrapper, io.cucumber.testng.FeatureWrapper)[pri:0, instance:com.runner.run1@366647c2]" name="runScenario" class="io.cucumber.testng.AbstractTestNGCucumberTests"/>
        <method signature="AbstractTestNGCucumberTests.runScenario(io.cucumber.testng.PickleWrapper, io.cucumber.testng.FeatureWrapper)[pri:0, instance:com.runner.run1@503d687a]" name="runScenario" class="io.cucumber.testng.AbstractTestNGCucumberTests"/>
      </group> <!-- cucumber -->
    </groups>
    <test started-at="2020-06-10T11:46:53 IST" name="Test" finished-at="2020-06-10T11:47:19 IST" duration-ms="26356">
      <class name="com.runner.run1">
        <test-method is-config="true" signature="setUpClass()[pri:0, instance:com.runner.run1@609db43b]" started-at="2020-06-10T11:46:53 IST" name="setUpClass" finished-at="2020-06-10T11:46:53 IST" duration-ms="413" status="PASS">
          <reporter-output>
          </reporter-output>
        </test-method> <!-- setUpClass -->
        <test-method signature="runScenario(io.cucumber.testng.PickleWrapper, io.cucumber.testng.FeatureWrapper)[pri:0, instance:com.runner.run1@609db43b]" started-at="2020-06-10T11:46:53 IST" name="runScenario" description="Runs Cucumber Scenarios" data-provider="scenarios" finished-at="2020-06-10T11:47:08 IST" duration-ms="14767" status="PASS">
          <params>
            <param index="0">
              <value>
                <![CDATA[": Login with in-valid data"]]>
              </value>
            </param>
            <param index="1">
              <value>
                <![CDATA["Spice agent Login"]]>
              </value>
            </param>
          </params>
          <reporter-output>
          </reporter-output>
        </test-method> <!-- runScenario -->
        <test-method signature="runScenario(io.cucumber.testng.PickleWrapper, io.cucumber.testng.FeatureWrapper)[pri:0, instance:com.runner.run1@609db43b]" started-at="2020-06-10T11:46:53 IST" name="runScenario" description="Runs Cucumber Scenarios" data-provider="scenarios" finished-at="2020-06-10T11:47:19 IST" duration-ms="25843" status="PASS">
          <params>
            <param index="0">
              <value>
                <![CDATA[": Login with valid data"]]>
              </value>
            </param>
            <param index="1">
              <value>
                <![CDATA["Spice agent Login"]]>
              </value>
            </param>
          </params>
          <reporter-output>
          </reporter-output>
        </test-method> <!-- runScenario -->
        <test-method is-config="true" signature="tearDownClass()[pri:0, instance:com.runner.run1@609db43b]" started-at="2020-06-10T11:47:19 IST" name="tearDownClass" finished-at="2020-06-10T11:47:19 IST" duration-ms="6" status="PASS">
          <reporter-output>
          </reporter-output>
        </test-method> <!-- tearDownClass -->
      </class> <!-- com.runner.run1 -->
    </test> <!-- Test -->
  </suite> <!-- Suite -->
</testng-results>
